Fri, 11 Oct 2019 12:43:23 +0000 r3
Fri, 11 Oct 2019 12:43:35 +0000 r3
Fri, 11 Oct 2019 12:43:38 +0000 r3
Fri, 11 Oct 2019 12:44:24 +0000 r3
Fri, 11 Oct 2019 12:44:44 +0000 r3
Fri, 11 Oct 2019 12:44:48 +0000 r3
[Fri, 11 Oct 2019 12:49:17 +0000] [/wp-admin/admin.php?page=w3tc_general&w3tc_message=5da07a4cafdad] [https://site.cl3sxcka-liquidwebsites.com/wp-admin/admin.php?page=w3tc_general&w3tc_message=5da07a122a2cd] skip processing because of generic constant
[Fri, 11 Oct 2019 12:49:17 +0000] [/w3tc_rewrite_test217147675] [https://site.cl3sxcka-liquidwebsites.com/w3tc_rewrite_test217147675] start, can_cache: false, reject reason: User agent is rejected
[Fri, 11 Oct 2019 12:49:19 +0000] [/wp-content/themes/survey/assets/js/bootstrap.bundle.min.js.map] [-] start, can_cache: false, reject reason: User is logged in
[Fri, 11 Oct 2019 12:49:19 +0000] [/wp-content/themes/survey/assets/css/nice-select.min.css.map] [-] start, can_cache: false, reject reason: User is logged in
[Fri, 11 Oct 2019 12:49:19 +0000] [/wp-content/themes/survey/assets/js/bootstrap.bundle.min.js.map] [-] storing cached page: false original false reason User is logged in
[Fri, 11 Oct 2019 12:49:19 +0000] [/wp-content/themes/survey/assets/css/nice-select.min.css.map] [-] storing cached page: false original false reason User is logged in
[Fri, 11 Oct 2019 12:49:54 +0000] [/] [-] start, can_cache: true, reject reason: 
Fri, 11 Oct 2019 12:49:54 +0000 r3
[Fri, 11 Oct 2019 12:50:09 +0000] [/] [-] start, can_cache: true, reject reason: 
Fri, 11 Oct 2019 12:50:09 +0000 r3
[Fri, 11 Oct 2019 12:50:18 +0000] [/wp-admin/admin-ajax.php] [https://site.cl3sxcka-liquidwebsites.com/wp-admin/admin.php?page=w3tc_general&w3tc_message=5da07a4cafdad] skip processing because of AJAX constant
[Fri, 11 Oct 2019 12:50:23 +0000] [/wp-content/themes/survey/assets/js/bootstrap.bundle.min.js.map] [-] start, can_cache: false, reject reason: User is logged in
[Fri, 11 Oct 2019 12:50:23 +0000] [/wp-content/themes/survey/assets/js/bootstrap.bundle.min.js.map] [-] storing cached page: false original false reason User is logged in
[Fri, 11 Oct 2019 12:50:23 +0000] [/wp-content/themes/survey/assets/css/nice-select.min.css.map] [-] start, can_cache: false, reject reason: User is logged in
[Fri, 11 Oct 2019 12:50:23 +0000] [/wp-content/themes/survey/assets/css/nice-select.min.css.map] [-] storing cached page: false original false reason User is logged in
[Fri, 11 Oct 2019 12:50:23 +0000] [/] [-] start, can_cache: true, reject reason: 
Fri, 11 Oct 2019 12:50:23 +0000 r3
[Fri, 11 Oct 2019 12:50:32 +0000] [/wp-admin/admin.php?page=w3tc_general] [https://site.cl3sxcka-liquidwebsites.com/wp-admin/admin.php?page=w3tc_general&w3tc_message=5da07a4cafdad] skip processing because of generic constant
Fri, 11 Oct 2019 12:50:41 +0000 r3
Fri, 11 Oct 2019 12:53:24 +0000 r3
Fri, 11 Oct 2019 12:55:52 +0000 r3
